<?xml version="1.0" encoding="UTF-8"?>
<testng-results skipped="0" failed="0" total="1" passed="1">
  <reporter-output>
  </reporter-output>
  <suite name="Tests" duration-ms="81573" started-at="2014-08-01T06:30:19Z" finished-at="2014-08-01T06:31:40Z">
    <groups>
    </groups>
    <test name="Test1" duration-ms="81573" started-at="2014-08-01T06:30:19Z" finished-at="2014-08-01T06:31:40Z">
      <class name="com.sdl.selenium.pages.LC_test">
        <test-method status="PASS" signature="init()[pri:0, instance:com.sdl.selenium.pages.LC_test@5d7c1cf0]" name="init" is-config="true" duration-ms="4392" started-at="2014-08-01T09:30:19Z" finished-at="2014-08-01T09:30:23Z">
          <reporter-output>
          </reporter-output>
        </test-method> <!-- init -->
        <test-method status="PASS" signature="before()[pri:0, instance:com.sdl.selenium.pages.LC_test@5d7c1cf0]" name="before" is-config="true" duration-ms="7690" started-at="2014-08-01T09:30:23Z" finished-at="2014-08-01T09:30:31Z">
          <reporter-output>
          </reporter-output>
        </test-method> <!-- before -->
        <test-method status="PASS" signature="firstTest()[pri:0, instance:com.sdl.selenium.pages.LC_test@5d7c1cf0]" name="firstTest" duration-ms="69482" started-at="2014-08-01T09:30:31Z" finished-at="2014-08-01T09:31:40Z">
          <reporter-output>
          </reporter-output>
        </test-method> <!-- firstTest -->
        <test-method status="PASS" signature="tearDown()[pri:0, instance:com.sdl.selenium.pages.LC_test@5d7c1cf0]" name="tearDown" is-config="true" duration-ms="1117" started-at="2014-08-01T09:31:40Z" finished-at="2014-08-01T09:31:41Z">
          <reporter-output>
          </reporter-output>
        </test-method> <!-- tearDown -->
      </class> <!-- com.sdl.selenium.pages.LC_test -->
    </test> <!-- Test1 -->
  </suite> <!-- Tests -->
</testng-results>
